2025-07-29 11:05:19.569 minibus[12102:101013] MiniBus D-Bus daemon starting...
2025-07-29 11:05:19.569 minibus[12102:101013] Using socket path: /tmp/minibus-socket
2025-07-29 11:05:19.569 minibus[12102:101013] Created Unix domain server socket at /tmp/minibus-socket
2025-07-29 11:05:19.569 minibus[12102:101013] MiniBus daemon started on /tmp/minibus-socket
2025-07-29 11:05:19.569 minibus[12102:101013] MiniBus daemon running, waiting for connections...
2025-07-29 11:05:27.299 minibus[12102:101013] Accepted new connection on socket 4
2025-07-29 11:05:27.299 minibus[12102:101013] Created connection for socket 4
2025-07-29 11:05:27.299 minibus[12102:101013] New connection added: <MBConnection socket=4 state=0 auth_state=0 unique=(null)>
2025-07-29 11:05:27.299 minibus[12102:101013] Received 31 bytes on socket 4
2025-07-29 11:05:27.299 minibus[12102:101013] Received 31 bytes on socket 4, total buffer: 31
2025-07-29 11:05:27.299 minibus[12102:101013] Moved 31 bytes from read buffer to auth buffer, auth buffer now has 31 bytes
2025-07-29 11:05:27.300 minibus[12102:101013] Processing auth command: 'AUTH EXTERNAL 31303031' (state=0)
2025-07-29 11:05:27.300 minibus[12102:101013] Client claims UID: 1001
2025-07-29 11:05:27.300 minibus[12102:101013] No socket credential support, allowing authentication
2025-07-29 11:05:27.300 minibus[12102:101013] Sent OK response immediately: SUCCESS (37 bytes)
2025-07-29 11:05:27.300 minibus[12102:101013] Prepared OK response, moving to WAITING_FOR_BEGIN state
2025-07-29 11:05:27.300 minibus[12102:101013] Processed auth command 1
2025-07-29 11:05:27.300 minibus[12102:101013] Processing auth command: 'BEGIN' (state=2)
2025-07-29 11:05:27.300 minibus[12102:101013] Authentication completed for connection 4
2025-07-29 11:05:27.300 minibus[12102:101013] Processed auth command 2
./obj/minibus: Uncaught exception NSMallocException, reason: Default zone has run out of memory
